<?xml version="1.0" encoding="UTF-8"?>
<!-- Generated by org.testng.reporters.JUnitReportReporter -->
<testsuite hostname="DESKTOP-4R56CLN" failures="0" tests="1" name="autoProject.errorValidations" time="12.509" errors="0" timestamp="2025-04-30T13:36:25 GET" skipped="0">
  <testcase classname="autoProject.errorValidations" name="submitOrder" time="12.509"/>
</testsuite> <!-- autoProject.errorValidations -->
