<?xml version="1.0" encoding="UTF-8"?>
<!-- Generated by org.testng.reporters.JUnitReportReporter -->
<testsuite hostname="DESKTOP-4R56CLN" failures="0" tests="1" name="autoProject.ErrorValidationsTest" time="8.826" errors="0" timestamp="2025-05-04T10:58:48 GET" skipped="0">
  <testcase classname="autoProject.ErrorValidationsTest" name="LoginErrorValidation" time="8.826"/>
</testsuite> <!-- autoProject.ErrorValidationsTest -->
